<?xml version="1.0" encoding="UTF-8"?>
<!-- Generated by org.testng.reporters.JUnitReportReporter -->
<testsuite skipped="0" hostname="DESKTOP-9GU8BET" name="captureScreenShots.CaptureScreenshot" tests="1" failures="0" timestamp="2020-04-20T08:09:08 BDT" time="20.192" errors="0">
  <testcase name="fbScreenshot" time="20.192" classname="captureScreenShots.CaptureScreenshot"/>
  <system-out/>
</testsuite> <!-- captureScreenShots.CaptureScreenshot -->
