<?xml version="1.0" encoding="UTF-8"?>
<!-- Generated by org.testng.reporters.JUnitReportReporter -->
<testsuite skipped="0" hostname="DESKTOP-9GU8BET" name="scrollSeleniumJavascript.ScrollPageEx1" tests="1" failures="0" timestamp="2020-04-20T13:01:42 BDT" time="17.479" errors="0">
  <testcase name="scrollPageDown" time="17.479" classname="scrollSeleniumJavascript.ScrollPageEx1"/>
  <system-out/>
</testsuite> <!-- scrollSeleniumJavascript.ScrollPageEx1 -->
