<?xml version="1.0" encoding="UTF-8"?>
<!-- Generated by org.testng.reporters.JUnitReportReporter -->
<testsuite skipped="0" hostname="DESKTOP-9GU8BET" name="getRequest.DeleteData" tests="1" failures="0" timestamp="2020-04-15T06:45:17 BDT" time="2.017" errors="0">
  <testcase name="test" time="2.017" classname="getRequest.DeleteData"/>
  <system-out/>
</testsuite> <!-- getRequest.DeleteData -->
