<?xml version="1.0" encoding="UTF-8"?>
<!-- Generated by org.testng.reporters.JUnitReportReporter -->
<testsuite skipped="0" hostname="DESKTOP-9GU8BET" name="getRequest.PutData" tests="1" failures="0" timestamp="2020-04-15T06:45:01 BDT" time="2.203" errors="0">
  <testcase name="test" time="2.203" classname="getRequest.PutData"/>
  <system-out/>
</testsuite> <!-- getRequest.PutData -->
