<?xml version="1.0" encoding="UTF-8"?>
<!-- Generated by org.testng.reporters.JUnitReportReporter -->
<testsuite skipped="0" hostname="DESKTOP-9GU8BET" name="captureScreenShots.UtillityUseMultipleCapture" tests="1" failures="0" timestamp="2020-04-20T08:42:31 BDT" time="16.570" errors="0">
  <testcase name="fbScreenshot1" time="16.570" classname="captureScreenShots.UtillityUseMultipleCapture"/>
  <system-out/>
</testsuite> <!-- captureScreenShots.UtillityUseMultipleCapture -->
