<?xml version="1.0" encoding="UTF-8"?>
<!-- Generated by org.testng.reporters.JUnitReportReporter -->
<testsuite skipped="0" hostname="DESKTOP-9GU8BET" name="getRequest.PostData" tests="1" failures="0" timestamp="2020-04-15T06:44:37 BDT" time="1.789" errors="0">
  <testcase name="test" time="1.789" classname="getRequest.PostData"/>
  <system-out/>
</testsuite> <!-- getRequest.PostData -->
