<?xml version="1.0" encoding="UTF-8"?>
<!-- Generated by org.testng.reporters.JUnitReportReporter -->
<testsuite skipped="0" hostname="DESKTOP-9GU8BET" name="scrollSeleniumJavascript.ScrollForElement" tests="1" failures="0" timestamp="2020-04-20T13:57:45 BDT" time="13.818" errors="0">
  <testcase name="scrollPageDown" time="13.818" classname="scrollSeleniumJavascript.ScrollForElement"/>
  <system-out/>
</testsuite> <!-- scrollSeleniumJavascript.ScrollForElement -->
