<?xml version="1.0" encoding="UTF-8"?>
<!-- Generated by org.testng.reporters.JUnitReportReporter -->
<testsuite skipped="0" hostname="DESKTOP-9GU8BET" name="getRequest.GetData" tests="2" failures="0" timestamp="2020-04-14T18:13:33 BDT" time="6.142" errors="0">
  <testcase name="testbody" time="2.063" classname="getRequest.GetData"/>
  <system-out/>
  <testcase name="testResponsecode" time="4.079" classname="getRequest.GetData"/>
  <system-out/>
</testsuite> <!-- getRequest.GetData -->
